SF:lib\services\show.dart
DA:7,0
DA:19,3
DA:29,1
DA:33,1
DA:34,2
DA:35,0
DA:40,4
DA:43,2
DA:44,2
DA:45,1
DA:48,0
DA:51,2
DA:54,1
DA:58,1
DA:59,3
LF:15
LH:12
end_of_record
SF:lib\models\plain\media.dart
DA:7,1
DA:22,1
DA:28,2
DA:29,1
DA:30,2
DA:31,1
DA:33,2
DA:34,2
DA:36,1
DA:37,1
DA:38,1
DA:39,1
DA:40,1
DA:41,1
LF:14
LH:14
end_of_record
SF:lib\models\plain\media.g.dart
DA:9,2
DA:10,1
DA:11,1
DA:12,1
DA:13,2
DA:14,1
DA:17,2
DA:18,1
DA:19,1
DA:20,1
DA:21,2
DA:22,1
LF:12
LH:12
end_of_record
SF:lib\models\repository\media.dart
DA:14,0
DA:17,0
DA:18,0
DA:19,0
DA:24,1
DA:29,2
DA:30,1
DA:31,1
DA:32,2
DA:33,1
DA:34,2
DA:36,2
DA:38,0
DA:50,0
DA:51,0
DA:56,0
DA:57,0
DA:58,0
DA:62,0
DA:66,0
DA:68,0
DA:69,0
DA:74,0
DA:75,0
DA:79,0
DA:80,0
DA:81,0
DA:82,0
DA:83,0
DA:84,0
DA:85,0
DA:89,0
DA:90,0
DA:91,0
DA:92,0
DA:99,0
DA:100,0
DA:101,0
DA:102,0
DA:103,0
DA:107,0
DA:108,0
DA:109,0
DA:110,0
DA:114,0
LF:45
LH:8
end_of_record
